REMOTE HOST: VM8-4
date: 2025-08-31T12:15:44Z
Trying to inspect /data ...
ls -ld /data
drwxrwxr-x 6 nobody nogroup 4096 Aug 31 12:09 /data

ls -ld /data/crm_with_event_time
drwxrwsr-x 3 Crispinoadmin Crispinoadmin 4096 Aug 31 12:09 /data/crm_with_event_time

ls -ld /data/crm_with_event_time/header
drwxrwsr-x 2 Crispinoadmin Crispinoadmin 4096 Aug 31 12:15 /data/crm_with_event_time/header

Attempting touch test file ...
TOUCH_OK: created /data/crm_with_event_time/header/test_from_VM8-4.txt

Listing target dir after touch attempt:
total 0
-rw-rw-r-- 1 Crispinoadmin Crispinoadmin 0 Aug 31 12:15 test_from_VM-2.txt
-rw-rw-r-- 1 Crispinoadmin Crispinoadmin 0 Aug 31 12:15 test_from_VM8-1.txt
-rw-rw-r-- 1 Crispinoadmin Crispinoadmin 0 Aug 31 12:15 test_from_VM8-2.txt
-rw-rw-r-- 1 Crispinoadmin Crispinoadmin 0 Aug 31 12:15 test_from_VM8-3.txt
-rw-rw-r-- 1 Crispinoadmin Crispinoadmin 0 Aug 31 12:15 test_from_VM8-4.txt

Disk usage for /data:
Filesystem      Size  Used Avail Use% Mounted on
10.0.1.7:/data   29G  7.4G   22G  26% /data

Mount info containing /data:
10.0.1.7:/data on /data type nfs4 (rw,relatime,vers=4.2,rsize=1048576,wsize=1048576,namlen=255,hard,proto=tcp,timeo=600,retrans=2,sec=sys,clientaddr=10.0.1.4,local_lock=none,addr=10.0.1.7)
